2023-10-05 19:02:04,865 [INFO] Activator:176 - 


2023-10-05 19:02:04,867 [INFO] Activator:177 - !SESSION log4j initialized
2023-10-05 19:02:29,533 [INFO] LogOutputStream:77 - [STDOUT_REDIRECT] 
2023-10-05 19:02:47,915 [INFO] ApplicationProperties:184 - Using Application install path: C:\ST\STM32CubeIDE_1.13.1\STM32CubeIDE\plugins\com.st.stm32cube.common.mx_6.9.1.202307191849
2023-10-05 19:02:48,258 [INFO] DbMcusXml:78 - Set database path to: C:\ST\STM32CubeIDE_1.13.1\STM32CubeIDE\plugins\com.st.stm32cube.common.mx_6.9.1.202307191849\\db\/mcu/
2023-10-05 19:02:48,258 [INFO] ApiDb:274 - Set plugin database path to: C:\ST\STM32CubeIDE_1.13.1\STM32CubeIDE\plugins\com.st.stm32cube.common.mx_6.9.1.202307191849\\db\/plugins/boardmanager/
2023-10-05 19:02:48,259 [WARN] ApiDb:259 - Overriding images path with different value:  => C:\ST\STM32CubeIDE_1.13.1\STM32CubeIDE\plugins\com.st.stm32cube.common.mx_6.9.1.202307191849\\db\/plugins/mcufinder/images/
2023-10-05 19:02:48,612 [INFO] ApiDb:250 - Set database path to: C:\Users\Nicolas\.stmcufinder\plugins\mcufinder//mcu/
2023-10-05 19:02:48,615 [INFO] DbMcusAds:125 - Set database path to: C:\Users\Nicolas\.stmcufinder\plugins\mcufinder//mcu/
2023-10-05 19:02:48,697 [INFO] CrossReferenceDbSqlite:203 - Set database path to: C:\Users\Nicolas\.stmcufinder\plugins\mcufinder//mcu/cs/
2023-10-05 19:02:49,708 [INFO] RulesReader:64 - Compatibility file has been processed (293 Rules)
2023-10-05 19:02:52,079 [INFO] DbMcusXml:78 - Set database path to: C:\ST\STM32CubeIDE_1.13.1\STM32CubeIDE\plugins\com.st.stm32cube.common.mx_6.9.1.202307191849\\db\/mcu/
2023-10-05 19:02:52,080 [INFO] ApiDb:274 - Set plugin database path to: C:\ST\STM32CubeIDE_1.13.1\STM32CubeIDE\plugins\com.st.stm32cube.common.mx_6.9.1.202307191849\\db\/plugins/boardmanager/
2023-10-05 19:02:52,080 [INFO] ApiDb:261 - Set plugin images path to: C:\ST\STM32CubeIDE_1.13.1\STM32CubeIDE\plugins\com.st.stm32cube.common.mx_6.9.1.202307191849\\db\/plugins/mcufinder/images/
2023-10-05 19:02:52,081 [WARN] DbFile:41 - Overriding database path with different value: C:\Users\Nicolas\.stmcufinder\plugins\mcufinder/ => C:\Users\Nicolas\.stmcufinder\plugins\mcufinder
2023-10-05 19:02:52,081 [INFO] ApiDb:250 - Set database path to: C:\Users\Nicolas\.stmcufinder\plugins\mcufinder//mcu/
2023-10-05 19:02:52,081 [WARN] DbFile:41 - Overriding database path with different value: C:\Users\Nicolas\.stmcufinder\plugins\mcufinder/ => C:\Users\Nicolas\.stmcufinder\plugins\mcufinder
2023-10-05 19:02:52,081 [INFO] DbMcusAds:125 - Set database path to: C:\Users\Nicolas\.stmcufinder\plugins\mcufinder//mcu/
2023-10-05 19:02:52,081 [WARN] DbFile:41 - Overriding database path with different value: C:\Users\Nicolas\.stmcufinder\plugins\mcufinder/ => C:\Users\Nicolas\.stmcufinder\plugins\mcufinder
2023-10-05 19:02:52,081 [WARN] DbFile:41 - Overriding database path with different value: C:\Users\Nicolas\.stmcufinder\plugins\mcufinder/ => C:\Users\Nicolas\.stmcufinder\plugins\mcufinder
2023-10-05 19:02:52,081 [INFO] CrossReferenceDbSqlite:203 - Set database path to: C:\Users\Nicolas\.stmcufinder\plugins\mcufinder//mcu/cs/
2023-10-05 19:02:56,753 [INFO] MainPanel:262 - HeapMemory: 268435456
2023-10-05 19:02:59,776 [INFO] DbMcusXml:78 - Set database path to: C:\ST\STM32CubeIDE_1.13.1\STM32CubeIDE\plugins\com.st.stm32cube.common.mx_6.9.1.202307191849\\db\/mcu/
2023-10-05 19:02:59,777 [INFO] ApiDb:274 - Set plugin database path to: C:\ST\STM32CubeIDE_1.13.1\STM32CubeIDE\plugins\com.st.stm32cube.common.mx_6.9.1.202307191849\\db\/plugins/boardmanager/
2023-10-05 19:02:59,777 [INFO] ApiDb:261 - Set plugin images path to: C:\ST\STM32CubeIDE_1.13.1\STM32CubeIDE\plugins\com.st.stm32cube.common.mx_6.9.1.202307191849\\db\/plugins/mcufinder/images/
2023-10-05 19:02:59,795 [WARN] DbFile:41 - Overriding database path with different value: C:\Users\Nicolas\.stmcufinder\plugins\mcufinder/ => C:\Users\Nicolas\.stmcufinder\plugins\mcufinder
2023-10-05 19:02:59,795 [INFO] ApiDb:250 - Set database path to: C:\Users\Nicolas\.stmcufinder\plugins\mcufinder//mcu/
2023-10-05 19:02:59,795 [WARN] DbFile:41 - Overriding database path with different value: C:\Users\Nicolas\.stmcufinder\plugins\mcufinder/ => C:\Users\Nicolas\.stmcufinder\plugins\mcufinder
2023-10-05 19:02:59,796 [INFO] DbMcusAds:125 - Set database path to: C:\Users\Nicolas\.stmcufinder\plugins\mcufinder//mcu/
2023-10-05 19:02:59,796 [WARN] DbFile:41 - Overriding database path with different value: C:\Users\Nicolas\.stmcufinder\plugins\mcufinder/ => C:\Users\Nicolas\.stmcufinder\plugins\mcufinder
2023-10-05 19:02:59,796 [WARN] DbFile:41 - Overriding database path with different value: C:\Users\Nicolas\.stmcufinder\plugins\mcufinder/ => C:\Users\Nicolas\.stmcufinder\plugins\mcufinder
2023-10-05 19:02:59,897 [INFO] CrossReferenceDbSqlite:203 - Set database path to: C:\Users\Nicolas\.stmcufinder\plugins\mcufinder//mcu/cs/
2023-10-05 19:03:00,264 [INFO] ApplicationProperties:184 - Using Application install path: C:\ST\STM32CubeIDE_1.13.1\STM32CubeIDE\plugins\com.st.stm32cube.common.mx_6.9.1.202307191849
2023-10-05 19:03:00,274 [INFO] PluginManage:196 - Search for loadable plugins [exclusion list=, ]
2023-10-05 19:03:00,317 [INFO] PluginManage:310 - Check plugin analytics
2023-10-05 19:03:01,412 [INFO] AnalyticsPlugin:253 - Accepted Software Licenses: 
2023-10-05 19:03:01,413 [INFO] AnalyticsPlugin:255 - Accepted CMSIS Pack Licenses: 
2023-10-05 19:03:01,413 [INFO] AnalyticsPlugin:257 - Accepted Firmware Licenses: FW.L4.1.18.0
2023-10-05 19:03:01,417 [INFO] PluginManage:359 - Loaded plugin analytics (category:tool,tabindex:-1)
2023-10-05 19:03:01,430 [INFO] PluginManage:310 - Check plugin cadmodel
2023-10-05 19:03:01,643 [INFO] CADModel:105 - Init CAD model plugin
2023-10-05 19:03:01,645 [INFO] PluginManage:359 - Loaded plugin cadmodel (category:power,tabindex:5)
2023-10-05 19:03:01,646 [INFO] PluginManage:310 - Check plugin clock
2023-10-05 19:03:01,740 [INFO] PluginManage:359 - Loaded plugin clock (category:base,tabindex:2)
2023-10-05 19:03:01,740 [INFO] PluginManage:310 - Check plugin ddr
2023-10-05 19:03:01,800 [INFO] PluginManage:359 - Loaded plugin ddr (category:tool,tabindex:6)
2023-10-05 19:03:01,801 [INFO] PluginManage:310 - Check plugin filemanager
2023-10-05 19:03:03,308 [INFO] PluginManage:359 - Loaded plugin filemanager (category:base,tabindex:10)
2023-10-05 19:03:03,309 [INFO] PluginManage:310 - Check plugin ipmanager
2023-10-05 19:03:03,423 [INFO] PluginManage:359 - Loaded plugin ipmanager (category:base,tabindex:5)
2023-10-05 19:03:03,423 [INFO] PluginManage:310 - Check plugin lpbam
2023-10-05 19:03:03,606 [INFO] PluginManage:359 - Loaded plugin lpbam (category:base,tabindex:0)
2023-10-05 19:03:03,607 [INFO] PluginManage:310 - Check plugin memorymap
2023-10-05 19:03:03,933 [INFO] PluginManage:359 - Loaded plugin memorymap (category:base,tabindex:4)
2023-10-05 19:03:03,933 [INFO] PluginManage:310 - Check plugin pinoutandconfiguration
2023-10-05 19:03:04,056 [INFO] PluginManage:359 - Loaded plugin pinoutandconfiguration (category:base,tabindex:1)
2023-10-05 19:03:04,056 [INFO] PluginManage:310 - Check plugin pinoutconfig
2023-10-05 19:03:04,657 [WARN] SupportedApi:132 - Cannot load RTOS API schema: s4s-elt-must-match.1: The content of 'definitions' must match (annotation?, (simpleType | complexType)?, (unique | key | keyref)*)). A problem was found starting at: attribute.
2023-10-05 19:03:07,079 [INFO] PluginManage:359 - Loaded plugin pinoutconfig (category:base,tabindex:0)
2023-10-05 19:03:07,079 [INFO] PluginManage:310 - Check plugin power
2023-10-05 19:03:07,570 [INFO] PluginManage:359 - Loaded plugin power (category:power,tabindex:4)
2023-10-05 19:03:07,571 [INFO] PluginManage:310 - Check plugin projectmanager
2023-10-05 19:03:07,685 [INFO] PluginManage:359 - Loaded plugin projectmanager (category:projectmanager,tabindex:3)
2023-10-05 19:03:07,685 [INFO] PluginManage:310 - Check plugin thirdparty
2023-10-05 19:03:10,484 [INFO] PluginManage:359 - Loaded plugin thirdparty (category:base,tabindex:-1)
2023-10-05 19:03:10,484 [WARN] IntegrityCheckThread:84 - waiting for thirdparty lock release [integrity check]
2023-10-05 19:03:10,485 [INFO] PluginManage:310 - Check plugin tools
2023-10-05 19:03:10,485 [INFO] IntegrityCheckThread:86 - entering critical section [integrity check]
2023-10-05 19:03:10,486 [INFO] ThirdPartyUpdaterWithRetryManager:70 - Updater plugin not ready yet. [1/15]
2023-10-05 19:03:10,741 [INFO] PluginManage:359 - Loaded plugin tools (category:base,tabindex:7)
2023-10-05 19:03:10,741 [INFO] PluginManage:310 - Check plugin tutovideos
2023-10-05 19:03:12,759 [INFO] PluginManage:359 - Loaded plugin tutovideos (category:base,tabindex:-1)
2023-10-05 19:03:12,759 [INFO] PluginManage:310 - Check plugin updater
2023-10-05 19:03:12,920 [INFO] PluginManage:359 - Loaded plugin updater (category:base,tabindex:12)
2023-10-05 19:03:12,921 [INFO] PluginManage:310 - Check plugin userauth
2023-10-05 19:03:13,000 [INFO] UserAuth:113 - Init User Auth plugin
2023-10-05 19:03:13,000 [INFO] PluginManage:359 - Loaded plugin userauth (category:base,tabindex:14)
2023-10-05 19:03:13,014 [INFO] PluginManage:283 - PluginManage : Loaded plugins [17]
2023-10-05 19:03:13,487 [INFO] ThirdPartyUpdaterWithRetryManager:70 - Updater plugin not ready yet. [2/15]
2023-10-05 19:03:16,270 [INFO] PinOutPanel:1499 - setPackage(No Configuration,No Configuration)
2023-10-05 19:03:16,488 [INFO] ThirdPartyUpdaterWithRetryManager:70 - Updater plugin not ready yet. [3/15]
2023-10-05 19:03:17,305 [INFO] CADModel:165 - CPN selected for project level
2023-10-05 19:03:17,305 [INFO] CADModel:114 - Register for checkConnection events
2023-10-05 19:03:17,517 [INFO] IPUIPlugin:80 - create IPUIPlugin
2023-10-05 19:03:17,518 [INFO] PluginManager:220 - loadIPPluginJar : add adc
2023-10-05 19:03:17,943 [INFO] IPUIPlugin:80 - create IPUIPlugin
2023-10-05 19:03:17,943 [INFO] PluginManager:220 - loadIPPluginJar : add aes
2023-10-05 19:03:18,014 [INFO] IPUIPlugin:80 - create IPUIPlugin
2023-10-05 19:03:18,014 [INFO] PluginManager:220 - loadIPPluginJar : add can
2023-10-05 19:03:18,139 [INFO] IPUIPlugin:80 - create IPUIPlugin
2023-10-05 19:03:18,140 [INFO] PluginManager:220 - loadIPPluginJar : add comp
2023-10-05 19:03:18,271 [INFO] IPUIPlugin:80 - create IPUIPlugin
2023-10-05 19:03:18,271 [INFO] PluginManager:220 - loadIPPluginJar : add cryp
2023-10-05 19:03:18,341 [INFO] IPUIPlugin:80 - create IPUIPlugin
2023-10-05 19:03:18,341 [INFO] PluginManager:220 - loadIPPluginJar : add dfsdm
2023-10-05 19:03:18,372 [INFO] IPUIPlugin:80 - create IPUIPlugin
2023-10-05 19:03:18,448 [INFO] PluginManager:220 - loadIPPluginJar : add dma
2023-10-05 19:03:18,514 [INFO] IPUIPlugin:80 - create IPUIPlugin
2023-10-05 19:03:18,514 [INFO] PluginManager:220 - loadIPPluginJar : add dma3
2023-10-05 19:03:18,576 [INFO] IPUIPlugin:80 - create IPUIPlugin
2023-10-05 19:03:18,576 [INFO] PluginManager:220 - loadIPPluginJar : add fatfs
2023-10-05 19:03:18,670 [INFO] IPUIPlugin:80 - create IPUIPlugin
2023-10-05 19:03:18,670 [INFO] PluginManager:220 - loadIPPluginJar : add fmc
2023-10-05 19:03:18,711 [INFO] IPUIPlugin:80 - create IPUIPlugin
2023-10-05 19:03:18,711 [INFO] PluginManager:220 - loadIPPluginJar : add freertos
2023-10-05 19:03:18,746 [INFO] IPUIPlugin:80 - create IPUIPlugin
2023-10-05 19:03:18,746 [INFO] PluginManager:220 - loadIPPluginJar : add genericplugin
2023-10-05 19:03:18,896 [INFO] IPUIPlugin:80 - create IPUIPlugin
2023-10-05 19:03:18,896 [INFO] PluginManager:220 - loadIPPluginJar : add gfxmmu
2023-10-05 19:03:19,126 [INFO] IPUIPlugin:80 - create IPUIPlugin
2023-10-05 19:03:19,126 [INFO] PluginManager:220 - loadIPPluginJar : add gic
2023-10-05 19:03:19,167 [INFO] IPUIPlugin:80 - create IPUIPlugin
2023-10-05 19:03:19,167 [INFO] PluginManager:220 - loadIPPluginJar : add gpio
2023-10-05 19:03:19,288 [INFO] IPUIPlugin:80 - create IPUIPlugin
2023-10-05 19:03:19,288 [INFO] PluginManager:220 - loadIPPluginJar : add gtzc
2023-10-05 19:03:19,372 [INFO] IPUIPlugin:80 - create IPUIPlugin
2023-10-05 19:03:19,372 [INFO] PluginManager:220 - loadIPPluginJar : add hash
2023-10-05 19:03:19,463 [INFO] IPUIPlugin:80 - create IPUIPlugin
2023-10-05 19:03:19,463 [INFO] PluginManager:220 - loadIPPluginJar : add i2c
2023-10-05 19:03:19,489 [INFO] ThirdPartyUpdaterWithRetryManager:70 - Updater plugin not ready yet. [4/15]
2023-10-05 19:03:19,545 [INFO] IPUIPlugin:80 - create IPUIPlugin
2023-10-05 19:03:19,545 [INFO] PluginManager:220 - loadIPPluginJar : add i2s
2023-10-05 19:03:19,604 [INFO] IPUIPlugin:80 - create IPUIPlugin
2023-10-05 19:03:19,604 [INFO] PluginManager:220 - loadIPPluginJar : add i3c
2023-10-05 19:03:19,807 [INFO] IPUIPlugin:80 - create IPUIPlugin
2023-10-05 19:03:19,808 [INFO] PluginManager:220 - loadIPPluginJar : add ipddr
2023-10-05 19:03:19,973 [INFO] IPUIPlugin:80 - create IPUIPlugin
2023-10-05 19:03:19,974 [INFO] PluginManager:220 - loadIPPluginJar : add linkedlist
2023-10-05 19:03:20,027 [INFO] IPUIPlugin:80 - create IPUIPlugin
2023-10-05 19:03:20,027 [INFO] PluginManager:220 - loadIPPluginJar : add lorawan
2023-10-05 19:03:20,067 [INFO] IPUIPlugin:80 - create IPUIPlugin
2023-10-05 19:03:20,067 [INFO] PluginManager:220 - loadIPPluginJar : add ltdc
2023-10-05 19:03:20,108 [INFO] IPUIPlugin:80 - create IPUIPlugin
2023-10-05 19:03:20,109 [INFO] PluginManager:220 - loadIPPluginJar : add mdma
2023-10-05 19:03:20,127 [INFO] IPUIPlugin:80 - create IPUIPlugin
2023-10-05 19:03:20,127 [INFO] PluginManager:220 - loadIPPluginJar : add nvic
2023-10-05 19:03:20,172 [INFO] IPUIPlugin:80 - create IPUIPlugin
2023-10-05 19:03:20,173 [INFO] PluginManager:220 - loadIPPluginJar : add opamp
2023-10-05 19:03:20,242 [INFO] IPUIPlugin:80 - create IPUIPlugin
2023-10-05 19:03:20,242 [INFO] PluginManager:220 - loadIPPluginJar : add openamp
2023-10-05 19:03:20,405 [INFO] IPUIPlugin:80 - create IPUIPlugin
2023-10-05 19:03:20,406 [INFO] PluginManager:220 - loadIPPluginJar : add pdm2pcm
2023-10-05 19:03:20,434 [INFO] IPUIPlugin:80 - create IPUIPlugin
2023-10-05 19:03:20,436 [INFO] PluginManager:220 - loadIPPluginJar : add plateformsettings
2023-10-05 19:03:20,477 [INFO] IPUIPlugin:80 - create IPUIPlugin
2023-10-05 19:03:20,478 [INFO] PluginManager:220 - loadIPPluginJar : add quadspi
2023-10-05 19:03:20,510 [INFO] IPUIPlugin:80 - create IPUIPlugin
2023-10-05 19:03:20,510 [INFO] PluginManager:220 - loadIPPluginJar : add resmgrutility
2023-10-05 19:03:20,608 [INFO] IPUIPlugin:80 - create IPUIPlugin
2023-10-05 19:03:20,608 [INFO] PluginManager:220 - loadIPPluginJar : add sai
2023-10-05 19:03:20,658 [INFO] IPUIPlugin:80 - create IPUIPlugin
2023-10-05 19:03:20,658 [INFO] PluginManager:220 - loadIPPluginJar : add spi
2023-10-05 19:03:20,788 [INFO] IPUIPlugin:80 - create IPUIPlugin
2023-10-05 19:03:20,788 [INFO] PluginManager:220 - loadIPPluginJar : add stm32_wpan
2023-10-05 19:03:20,848 [INFO] IPUIPlugin:80 - create IPUIPlugin
2023-10-05 19:03:20,848 [INFO] PluginManager:220 - loadIPPluginJar : add tim
2023-10-05 19:03:21,003 [INFO] IPUIPlugin:80 - create IPUIPlugin
2023-10-05 19:03:21,003 [INFO] PluginManager:220 - loadIPPluginJar : add touchsensing
2023-10-05 19:03:21,038 [INFO] IPUIPlugin:80 - create IPUIPlugin
2023-10-05 19:03:21,038 [INFO] PluginManager:220 - loadIPPluginJar : add tracer_emb
2023-10-05 19:03:21,077 [INFO] IPUIPlugin:80 - create IPUIPlugin
2023-10-05 19:03:21,078 [INFO] PluginManager:220 - loadIPPluginJar : add ts
2023-10-05 19:03:21,101 [INFO] IPUIPlugin:80 - create IPUIPlugin
2023-10-05 19:03:21,101 [INFO] PluginManager:220 - loadIPPluginJar : add tsc
2023-10-05 19:03:21,150 [INFO] IPUIPlugin:80 - create IPUIPlugin
2023-10-05 19:03:21,150 [INFO] PluginManager:220 - loadIPPluginJar : add ucpd
2023-10-05 19:03:21,251 [INFO] IPUIPlugin:80 - create IPUIPlugin
2023-10-05 19:03:21,251 [INFO] PluginManager:220 - loadIPPluginJar : add usart
2023-10-05 19:03:21,296 [INFO] IPUIPlugin:80 - create IPUIPlugin
2023-10-05 19:03:21,296 [INFO] PluginManager:220 - loadIPPluginJar : add usbx
2023-10-05 19:03:21,496 [INFO] CADModel:165 - CPN selected for project level
2023-10-05 19:03:21,496 [INFO] CADModel:114 - Register for checkConnection events
2023-10-05 19:03:21,497 [FATAL] Updater:308 - Updater called before beeing initialized
2023-10-05 19:03:21,498 [ERROR] CADModel:125 - Updater not yet initialized, retry later 
2023-10-05 19:03:22,308 [INFO] CADModel:165 - CPN selected for project level
2023-10-05 19:03:22,309 [INFO] CADModel:114 - Register for checkConnection events
2023-10-05 19:03:22,309 [FATAL] Updater:308 - Updater called before beeing initialized
2023-10-05 19:03:22,309 [ERROR] CADModel:125 - Updater not yet initialized, retry later 
2023-10-05 19:03:22,344 [FATAL] Updater:308 - Updater called before beeing initialized
2023-10-05 19:03:22,490 [INFO] ThirdPartyUpdaterWithRetryManager:70 - Updater plugin not ready yet. [5/15]
2023-10-05 19:03:22,584 [FATAL] Updater:308 - Updater called before beeing initialized
2023-10-05 19:03:22,599 [INFO] DbMcusAds:53 - JSON generation date=Tue Mar 07 03:50:55 COT 2023 (1678179055114)
2023-10-05 19:03:22,600 [FATAL] Updater:308 - Updater called before beeing initialized
2023-10-05 19:03:23,565 [WARN] DetailPanel:346 - Failed to get advertising image, set to default
2023-10-05 19:03:23,724 [FATAL] Updater:308 - Updater called before beeing initialized
2023-10-05 19:03:23,741 [FATAL] Updater:308 - Updater called before beeing initialized
2023-10-05 19:03:23,741 [FATAL] Updater:308 - Updater called before beeing initialized
2023-10-05 19:03:23,741 [WARN] DetailPanel:346 - Failed to get advertising image, set to default
2023-10-05 19:03:23,742 [FATAL] Updater:308 - Updater called before beeing initialized
2023-10-05 19:03:23,976 [ERROR] Updater:1120 - MainUpdater not yet initialized. External WinMGr cannot be set.
2023-10-05 19:03:24,003 [INFO] Updater:1056 - Updater Version found : 6.9.1
2023-10-05 19:03:24,065 [INFO] ApplicationProperties:184 - Using Application install path: C:\ST\STM32CubeIDE_1.13.1\STM32CubeIDE\plugins\com.st.stm32cube.common.mx_6.9.1.202307191849
2023-10-05 19:03:25,008 [INFO] MainUpdater:2868 - connection check result : 10
2023-10-05 19:03:25,010 [INFO] MainUpdater:285 - Updater Check For Update Now.
2023-10-05 19:03:25,011 [INFO] MicroXplorer:498 - Change Database Version : DB.6.0.91
2023-10-05 19:03:25,084 [INFO] McuFinderGlobals:63 - Set McuFinder mode to 2 (CubeIDE integrated)
2023-10-05 19:03:25,457 [INFO] CheckServerUpdateThread:120 - End of CheckServer Thread
2023-10-05 19:03:26,191 [WARN] PackLoader:240 - Cannot read IP mode file for STMicroelectronics.X-CUBE-SMBUS.2.1.0
2023-10-05 19:03:26,389 [WARN] PackLoader:240 - Cannot read IP mode file for STMicroelectronics.X-CUBE-AZRTOS-F7.1.1.0
2023-10-05 19:03:26,435 [WARN] PackLoader:240 - Cannot read IP mode file for STMicroelectronics.FP-SNS-MOTENV1.4.3.2
2023-10-05 19:03:26,471 [WARN] PackLoader:240 - Cannot read IP mode file for STMicroelectronics.FP-SNS-FLIGHT1.5.0.2
2023-10-05 19:03:26,496 [WARN] PackLoader:240 - Cannot read IP mode file for STMicroelectronics.X-CUBE-DISPLAY.3.0.0
2023-10-05 19:03:26,540 [WARN] PackLoader:240 - Cannot read IP mode file for STMicroelectronics.X-CUBE-BLE1.7.0.0
2023-10-05 19:03:26,580 [WARN] PackLoader:240 - Cannot read IP mode file for emotas.I-CUBE-CANOPEN.1.3.0
2023-10-05 19:03:26,641 [WARN] PackLoader:240 - Cannot read IP mode file for STMicroelectronics.X-CUBE-TOUCHGFX.4.22.0
2023-10-05 19:03:26,732 [WARN] PackLoader:240 - Cannot read IP mode file for STMicroelectronics.X-CUBE-TOUCHGFX.4.22.1
2023-10-05 19:03:26,763 [WARN] PackLoader:240 - Cannot read IP mode file for STMicroelectronics.FP-SNS-SMARTAG2.1.2.0
2023-10-05 19:03:26,948 [INFO] LogOutputStream:77 - [STDOUT_REDIRECT] 1 : Invalid condition id : UX_CORESTACK_Condition cause : null
2023-10-05 19:03:26,948 [INFO] LogOutputStream:77 - [STDOUT_REDIRECT] 1 : Invalid condition id : UX_CORESTACK_Condition cause : null
2023-10-05 19:03:26,950 [INFO] LogOutputStream:77 - [STDOUT_REDIRECT] 1 : Invalid condition id : UX_CORESTACK_Condition cause : null
2023-10-05 19:03:26,952 [INFO] LogOutputStream:77 - [STDOUT_REDIRECT] 1 : Invalid condition id : UX_CORESTACK_Condition cause : null
2023-10-05 19:03:26,953 [INFO] LogOutputStream:77 - [STDOUT_REDIRECT] 1 : Invalid condition id : UX_CORESTACK_Condition cause : null
2023-10-05 19:03:26,959 [WARN] PackLoader:240 - Cannot read IP mode file for STMicroelectronics.X-CUBE-AZRTOS-WL.2.0.0
2023-10-05 19:03:27,005 [WARN] PackLoader:240 - Cannot read IP mode file for WES.I-CUBE-Cesium.1.3.0
2023-10-05 19:03:27,039 [WARN] PackLoader:240 - Cannot read IP mode file for STMicroelectronics.X-CUBE-BLE2.3.3.0
2023-10-05 19:03:27,166 [WARN] PackLoader:240 - Cannot read IP mode file for STMicroelectronics.X-CUBE-ALGOBUILD.1.3.0
2023-10-05 19:03:27,663 [WARN] PackLoader:240 - Cannot read IP mode file for STMicroelectronics.X-CUBE-AZRTOS-G0.1.1.0
2023-10-05 19:03:27,704 [WARN] PackLoader:240 - Cannot read IP mode file for STMicroelectronics.X-CUBE-NFC4.3.0.0
2023-10-05 19:03:27,790 [WARN] PackLoader:240 - Cannot read IP mode file for STMicroelectronics.FP-ATR-SIGFOX1.3.2.0
2023-10-05 19:03:27,905 [WARN] PackLoader:240 - Cannot read IP mode file for SEGGER.I-CUBE-embOS.1.3.1
2023-10-05 19:03:28,013 [WARN] PackLoader:240 - Cannot read IP mode file for STMicroelectronics.X-CUBE-GNSS1.6.0.0
2023-10-05 19:03:28,207 [WARN] PackLoader:240 - Cannot read IP mode file for STMicroelectronics.X-CUBE-AZRTOS-F4.1.1.0
2023-10-05 19:03:28,237 [WARN] PackLoader:240 - Cannot read IP mode file for wolfSSL.I-CUBE-wolfSSL.5.6.3
2023-10-05 19:03:28,528 [WARN] PackLoader:240 - Cannot read IP mode file for STMicroelectronics.X-CUBE-AZRTOS-L5.2.0.0
2023-10-05 19:03:28,706 [WARN] PackLoader:240 - Cannot read IP mode file for STMicroelectronics.X-CUBE-MEMS1.9.6.0
2023-10-05 19:03:28,995 [WARN] PackLoader:240 - Cannot read IP mode file for ITTIA_DB.I-CUBE-ITTIADB.8.8.0
2023-10-05 19:03:29,024 [WARN] PackLoader:240 - Cannot read IP mode file for STMicroelectronics.X-CUBE-BLEMGR.2.0.0
2023-10-05 19:03:29,217 [WARN] ConditionMgr:438 - getConditionDescription Invalid condition id : UX DEVICE CLASS RTOS Condition cause : null
2023-10-05 19:03:29,217 [WARN] ConditionMgr:438 - getConditionDescription Invalid condition id : UX DEVICE CLASS RTOS Condition cause : null
2023-10-05 19:03:29,226 [WARN] PackLoader:240 - Cannot read IP mode file for STMicroelectronics.X-CUBE-AZRTOS-H7.3.1.0
2023-10-05 19:03:29,228 [WARN] ConditionMgr:1039 - genDependencies : Invalid condition id : UX DEVICE CLASS RTOS Condition cause : null
2023-10-05 19:03:29,228 [WARN] ConditionMgr:1039 - genDependencies : Invalid condition id : UX DEVICE CLASS RTOS Condition cause : null
2023-10-05 19:03:29,229 [WARN] ConditionMgr:1039 - genDependencies : Invalid condition id : UX DEVICE CLASS RTOS Condition cause : null
2023-10-05 19:03:29,230 [WARN] ConditionMgr:1039 - genDependencies : Invalid condition id : UX DEVICE CLASS RTOS Condition cause : null
2023-10-05 19:03:29,231 [WARN] ConditionMgr:1039 - genDependencies : Invalid condition id : UX DEVICE CLASS RTOS Condition cause : null
2023-10-05 19:03:29,272 [WARN] PackLoader:240 - Cannot read IP mode file for STMicroelectronics.X-CUBE-NFC7.1.0.1
2023-10-05 19:03:29,331 [WARN] PackLoader:240 - Cannot read IP mode file for STMicroelectronics.X-CUBE-NFC6.3.0.0
2023-10-05 19:03:29,386 [WARN] PackLoader:240 - Cannot read IP mode file for STMicroelectronics.X-CUBE-EEPRMA1.4.1.0
2023-10-05 19:03:29,429 [WARN] PackLoader:240 - Cannot read IP mode file for STMicroelectronics.X-CUBE-AI.8.1.0
2023-10-05 19:03:29,598 [WARN] ConditionMgr:438 - getConditionDescription Invalid condition id : LAN8742 Phy interface Condition cause : null
2023-10-05 19:03:29,599 [WARN] PackLoader:240 - Cannot read IP mode file for STMicroelectronics.X-CUBE-AZRTOS-L4.2.0.0
2023-10-05 19:03:29,600 [WARN] ConditionMgr:1039 - genDependencies : Invalid condition id : LAN8742 Phy interface Condition cause : null
2023-10-05 19:03:29,601 [WARN] ConditionMgr:1039 - genDependencies : Invalid condition id : LAN8742 Phy interface Condition cause : null
2023-10-05 19:03:29,602 [WARN] ConditionMgr:1039 - genDependencies : Invalid condition id : LAN8742 Phy interface Condition cause : null
2023-10-05 19:03:29,633 [WARN] PackLoader:240 - Cannot read IP mode file for STMicroelectronics.X-CUBE-SFXS2LP1.4.0.0
2023-10-05 19:03:29,739 [WARN] PackLoader:240 - Cannot read IP mode file for STMicroelectronics.X-CUBE-ISPU.1.1.0
2023-10-05 19:03:29,894 [WARN] ConditionMgr:438 - getConditionDescription Invalid condition id : UX DEVICE CLASS RTOS Condition cause : null
2023-10-05 19:03:29,895 [WARN] ConditionMgr:438 - getConditionDescription Invalid condition id : UX DEVICE CLASS RTOS Condition cause : null
2023-10-05 19:03:29,898 [WARN] PackLoader:240 - Cannot read IP mode file for STMicroelectronics.X-CUBE-AZRTOS-WB.2.0.0
2023-10-05 19:03:29,899 [WARN] ConditionMgr:1039 - genDependencies : Invalid condition id : UX DEVICE CLASS RTOS Condition cause : null
2023-10-05 19:03:29,899 [WARN] ConditionMgr:1039 - genDependencies : Invalid condition id : UX DEVICE CLASS RTOS Condition cause : null
2023-10-05 19:03:29,899 [WARN] ConditionMgr:1039 - genDependencies : Invalid condition id : UX DEVICE CLASS RTOS Condition cause : null
2023-10-05 19:03:29,900 [WARN] ConditionMgr:1039 - genDependencies : Invalid condition id : UX DEVICE CLASS RTOS Condition cause : null
2023-10-05 19:03:29,900 [WARN] ConditionMgr:1039 - genDependencies : Invalid condition id : UX DEVICE CLASS RTOS Condition cause : null
2023-10-05 19:03:29,971 [WARN] PackLoader:240 - Cannot read IP mode file for STMicroelectronics.X-CUBE-SUBG2.5.0.0
2023-10-05 19:03:30,079 [WARN] PackLoader:240 - Cannot read IP mode file for STMicroelectronics.X-CUBE-TOF1.3.3.1
2023-10-05 19:03:30,173 [WARN] PackLoader:240 - Cannot read IP mode file for STMicroelectronics.X-CUBE-AZRTOS-G4.2.0.0
2023-10-05 19:03:30,297 [WARN] PackLoader:240 - Cannot read IP mode file for STMicroelectronics.X-CUBE-FREERTOS.1.1.0
2023-10-05 19:03:30,426 [WARN] PackLoader:240 - Cannot read IP mode file for portGmbH.I-Cube-SoM-uGOAL.1.1.0
2023-10-05 19:03:30,454 [WARN] PackLoader:240 - Cannot read IP mode file for STMicroelectronics.X-CUBE-ALS.1.0.1
2023-10-05 19:03:30,610 [WARN] PackLoader:240 - Cannot read IP mode file for STMicroelectronics.FP-ATR-ASTRA1.2.0.0
2023-10-05 19:03:30,611 [INFO] ThirdParty:978 - Integrity check success = true
2023-10-05 19:03:30,611 [INFO] IntegrityCheckThread:100 - exiting critical section [integrity check]
2023-10-05 19:03:30,611 [INFO] IntegrityCheckThread:103 - End integrity checks thread
2023-10-05 19:03:49,942 [ERROR] LogOutputStream:75 - [STDERR_REDIRECT] SLF4J: Failed to load class "org.slf4j.impl.StaticLoggerBinder".
2023-10-05 19:03:49,942 [ERROR] LogOutputStream:75 - [STDERR_REDIRECT] SLF4J: Defaulting to no-operation (NOP) logger implementation
2023-10-05 19:03:49,946 [ERROR] LogOutputStream:75 - [STDERR_REDIRECT] SLF4J: See http://www.slf4j.org/codes.html#StaticLoggerBinder for further details.
